This file contains any messages produced by compilers while
running configure, to aid debugging if configure makes a mistake.

It was created by elektrosim configure 0.1, which was
generated by GNU Autoconf 2.69.  Invocation command line was

  $ /home/steven/projecten/ElektroSim/configure --enable-maintainer-mode CFLAGS=-g -O0 CXXFLAGS=-g -O0 JFLAGS=-g -O0 FFLAGS=-g -O0 --no-create --no-recursion

## --------- ##
## Platform. ##
## --------- ##

hostname = Frozen
uname -m = x86_64
uname -r = 3.13.2-1-ARCH
uname -s = Linux
uname -v = #1 SMP PREEMPT Thu Feb 6 23:54:46 CET 2014

/usr/bin/uname -p = unknown
/bin/uname -X     = unknown

/bin/arch              = unknown
/usr/bin/arch -k       = unknown
/usr/convex/getsysinfo = unknown
/usr/bin/hostinfo      = unknown
/bin/machine           = unknown
/usr/bin/oslevel       = unknown
/bin/universe          = unknown

PATH: /usr/local/sbin
PATH: /usr/local/bin
PATH: /usr/bin
PATH: /usr/bin/core_perl


## ----------- ##
## Core tests. ##
## ----------- ##

configure:1918: checking for a BSD-compatible install
configure:1986: result: /usr/bin/install -c
configure:1997: checking whether build environment is sane
configure:2052: result: yes
configure:2203: checking for a thread-safe mkdir -p
configure:2242: result: /usr/bin/mkdir -p
configure:2249: checking for gawk
configure:2265: found /usr/bin/gawk
configure:2276: result: gawk
configure:2287: checking whether make sets $(MAKE)
configure:2309: result: yes
configure:2338: checking whether make supports nested variables
configure:2355: result: yes
configure:2492: checking whether make supports nested variables
configure:2509: result: yes
configure:2569: checking for gcc
configure:2585: found /usr/bin/gcc
configure:2596: result: gcc
configure:2825: checking for C compiler version
configure:2834: gcc --version >&5
gcc (GCC) 4.8.2 20140206 (prerelease)
Copyright (C) 2013 Free Software Foundation, Inc.
This is free software; see the source for copying conditions.  There is NO
warranty; not even for MERCHANTABILITY or FITNESS FOR A PARTICULAR PURPOSE.

configure:2845: $? = 0
configure:2834: gcc -v >&5
Using built-in specs.
COLLECT_GCC=gcc
COLLECT_LTO_WRAPPER=/usr/lib/gcc/x86_64-unknown-linux-gnu/4.8.2/lto-wrapper
Target: x86_64-unknown-linux-gnu
Configured with: /build/gcc/src/gcc-4.8-20140206/configure --prefix=/usr --libdir=/usr/lib --libexecdir=/usr/lib --mandir=/usr/share/man --infodir=/usr/share/info --with-bugurl=https://bugs.archlinux.org/ --enable-languages=c,c++,ada,fortran,go,lto,objc,obj-c++ --enable-shared --enable-threads=posix --with-system-zlib --enable-__cxa_atexit --disable-libunwind-exceptions --enable-clocale=gnu --disable-libstdcxx-pch --disable-libssp --enable-gnu-unique-object --enable-linker-build-id --enable-cloog-backend=isl --disable-cloog-version-check --enable-lto --enable-plugin --enable-install-libiberty --with-linker-hash-style=gnu --disable-multilib --disable-werror --enable-checking=release
Thread model: posix
gcc version 4.8.2 20140206 (prerelease) (GCC) 
configure:2845: $? = 0
configure:2834: gcc -V >&5
gcc: error: unrecognized command line option '-V'
gcc: fatal error: no input files
compilation terminated.
configure:2845: $? = 1
configure:2834: gcc -qversion >&5
gcc: error: unrecognized command line option '-qversion'
gcc: fatal error: no input files
compilation terminated.
configure:2845: $? = 1
configure:2865: checking whether the C compiler works
configure:2887: gcc -g -O0   conftest.c  >&5
configure:2891: $? = 0
configure:2939: result: yes
configure:2942: checking for C compiler default output file name
configure:2944: result: a.out
configure:2950: checking for suffix of executables
configure:2957: gcc -o conftest -g -O0   conftest.c  >&5
configure:2961: $? = 0
configure:2983: result: 
configure:3005: checking whether we are cross compiling
configure:3013: gcc -o conftest -g -O0   conftest.c  >&5
configure:3017: $? = 0
configure:3024: ./conftest
configure:3028: $? = 0
configure:3043: result: no
configure:3048: checking for suffix of object files
configure:3070: gcc -c -g -O0  conftest.c >&5
configure:3074: $? = 0
configure:3095: result: o
configure:3099: checking whether we are using the GNU C compiler
configure:3118: gcc -c -g -O0  conftest.c >&5
configure:3118: $? = 0
configure:3127: result: yes
configure:3136: checking whether gcc accepts -g
configure:3156: gcc -c -g  conftest.c >&5
configure:3156: $? = 0
configure:3197: result: yes
configure:3214: checking for gcc option to accept ISO C89
configure:3277: gcc  -c -g -O0  conftest.c >&5
configure:3277: $? = 0
configure:3290: result: none needed
configure:3315: checking whether gcc understands -c and -o together
configure:3337: gcc -c conftest.c -o conftest2.o
configure:3340: $? = 0
configure:3337: gcc -c conftest.c -o conftest2.o
configure:3340: $? = 0
configure:3352: result: yes
configure:3380: checking for style of include used by make
configure:3408: result: GNU
configure:3434: checking dependency style of gcc
configure:3545: result: gcc3
configure:3567: checking for valac
configure:3585: found /usr/bin/valac
configure:3598: result: /usr/bin/valac
configure:3607: checking whether /usr/bin/valac is at least version 0.10.0
configure:3615: result: yes
configure:3692: checking for pkg-config
configure:3710: found /usr/bin/pkg-config
configure:3722: result: /usr/bin/pkg-config
configure:3747: checking pkg-config is at least version 0.9.0
configure:3750: result: yes
configure:3760: checking for GEE
configure:3767: $PKG_CONFIG --exists --print-errors "gee-0.8"
configure:3770: $? = 0
configure:3784: $PKG_CONFIG --exists --print-errors "gee-0.8"
configure:3787: $? = 0
configure:3845: result: yes
configure:3852: checking for ELEKTROSIM
configure:3859: $PKG_CONFIG --exists --print-errors "gtk+-3.0 "
configure:3862: $? = 0
configure:3876: $PKG_CONFIG --exists --print-errors "gtk+-3.0 "
configure:3879: $? = 0
configure:3937: result: yes
configure:4054: checking that generated files are newer than configure
configure:4060: result: done
configure:4083: creating ./config.status
configure:5396: WARNING: unrecognized options: --enable-maintainer-mode

## ---------------- ##
## Cache variables. ##
## ---------------- ##

ac_cv_c_compiler_gnu=yes
ac_cv_env_CC_set=
ac_cv_env_CC_value=
ac_cv_env_CFLAGS_set=set
ac_cv_env_CFLAGS_value='-g -O0'
ac_cv_env_CPPFLAGS_set=
ac_cv_env_CPPFLAGS_value=
ac_cv_env_ELEKTROSIM_CFLAGS_set=
ac_cv_env_ELEKTROSIM_CFLAGS_value=
ac_cv_env_ELEKTROSIM_LIBS_set=
ac_cv_env_ELEKTROSIM_LIBS_value=
ac_cv_env_GEE_CFLAGS_set=
ac_cv_env_GEE_CFLAGS_value=
ac_cv_env_GEE_LIBS_set=
ac_cv_env_GEE_LIBS_value=
ac_cv_env_LDFLAGS_set=
ac_cv_env_LDFLAGS_value=
ac_cv_env_LIBS_set=
ac_cv_env_LIBS_value=
ac_cv_env_PKG_CONFIG_LIBDIR_set=
ac_cv_env_PKG_CONFIG_LIBDIR_value=
ac_cv_env_PKG_CONFIG_PATH_set=
ac_cv_env_PKG_CONFIG_PATH_value=
ac_cv_env_PKG_CONFIG_set=
ac_cv_env_PKG_CONFIG_value=
ac_cv_env_build_alias_set=
ac_cv_env_build_alias_value=
ac_cv_env_host_alias_set=
ac_cv_env_host_alias_value=
ac_cv_env_target_alias_set=
ac_cv_env_target_alias_value=
ac_cv_objext=o
ac_cv_path_VALAC=/usr/bin/valac
ac_cv_path_ac_pt_PKG_CONFIG=/usr/bin/pkg-config
ac_cv_path_install='/usr/bin/install -c'
ac_cv_path_mkdir=/usr/bin/mkdir
ac_cv_prog_AWK=gawk
ac_cv_prog_ac_ct_CC=gcc
ac_cv_prog_cc_c89=
ac_cv_prog_cc_g=yes
ac_cv_prog_make_make_set=yes
am_cv_CC_dependencies_compiler_type=gcc3
am_cv_make_support_nested_variables=yes
am_cv_prog_cc_c_o=yes
pkg_cv_ELEKTROSIM_CFLAGS='-pthread -I/usr/include/gtk-3.0 -I/usr/include/at-spi2-atk/2.0 -I/usr/include/gtk-3.0 -I/usr/include/gio-unix-2.0/ -I/usr/include/cairo -I/usr/include/pango-1.0 -I/usr/include/harfbuzz -I/usr/include/pango-1.0 -I/usr/include/atk-1.0 -I/usr/include/cairo -I/usr/include/pixman-1 -I/usr/include/freetype2 -I/usr/include/libdrm -I/usr/include/libpng16 -I/usr/include/gdk-pixbuf-2.0 -I/usr/include/libpng16 -I/usr/include/glib-2.0 -I/usr/lib/glib-2.0/include '
pkg_cv_ELEKTROSIM_LIBS='-lgtk-3 -lgdk-3 -lpangocairo-1.0 -lpango-1.0 -latk-1.0 -lcairo-gobject -lcairo -lgdk_pixbuf-2.0 -lgio-2.0 -lgobject-2.0 -lglib-2.0 '
pkg_cv_GEE_CFLAGS='-I/usr/include/gee-0.8 -I/usr/include/glib-2.0 -I/usr/lib/glib-2.0/include '
pkg_cv_GEE_LIBS='-lgee-0.8 -lgobject-2.0 -lglib-2.0 '

## ----------------- ##
## Output variables. ##
## ----------------- ##

ACLOCAL='${SHELL} /home/steven/projecten/ElektroSim/missing aclocal-1.14'
AMDEPBACKSLASH='\'
AMDEP_FALSE='#'
AMDEP_TRUE=''
AMTAR='$${TAR-tar}'
AM_BACKSLASH='\'
AM_DEFAULT_V='$(AM_DEFAULT_VERBOSITY)'
AM_DEFAULT_VERBOSITY='0'
AM_V='$(V)'
AUTOCONF='${SHELL} /home/steven/projecten/ElektroSim/missing autoconf'
AUTOHEADER='${SHELL} /home/steven/projecten/ElektroSim/missing autoheader'
AUTOMAKE='${SHELL} /home/steven/projecten/ElektroSim/missing automake-1.14'
AWK='gawk'
CC='gcc'
CCDEPMODE='depmode=gcc3'
CFLAGS='-g -O0'
CPPFLAGS=''
CYGPATH_W='echo'
DEFS='-DHAVE_CONFIG_H'
DEPDIR='.deps'
ECHO_C=''
ECHO_N='-n'
ECHO_T=''
ELEKTROSIM_CFLAGS='-pthread -I/usr/include/gtk-3.0 -I/usr/include/at-spi2-atk/2.0 -I/usr/include/gtk-3.0 -I/usr/include/gio-unix-2.0/ -I/usr/include/cairo -I/usr/include/pango-1.0 -I/usr/include/harfbuzz -I/usr/include/pango-1.0 -I/usr/include/atk-1.0 -I/usr/include/cairo -I/usr/include/pixman-1 -I/usr/include/freetype2 -I/usr/include/libdrm -I/usr/include/libpng16 -I/usr/include/gdk-pixbuf-2.0 -I/usr/include/libpng16 -I/usr/include/glib-2.0 -I/usr/lib/glib-2.0/include '
ELEKTROSIM_LIBS='-lgtk-3 -lgdk-3 -lpangocairo-1.0 -lpango-1.0 -latk-1.0 -lcairo-gobject -lcairo -lgdk_pixbuf-2.0 -lgio-2.0 -lgobject-2.0 -lglib-2.0 '
EXEEXT=''
GEE_CFLAGS='-I/usr/include/gee-0.8 -I/usr/include/glib-2.0 -I/usr/lib/glib-2.0/include '
GEE_LIBS='-lgee-0.8 -lgobject-2.0 -lglib-2.0 '
INSTALL_DATA='${INSTALL} -m 644'
INSTALL_PROGRAM='${INSTALL}'
INSTALL_SCRIPT='${INSTALL}'
INSTALL_STRIP_PROGRAM='$(install_sh) -c -s'
LDFLAGS=''
LIBOBJS=''
LIBS=''
LTLIBOBJS=''
MAKEINFO='${SHELL} /home/steven/projecten/ElektroSim/missing makeinfo'
MKDIR_P='/usr/bin/mkdir -p'
OBJEXT='o'
PACKAGE='elektrosim'
PACKAGE_BUGREPORT=''
PACKAGE_NAME='elektrosim'
PACKAGE_STRING='elektrosim 0.1'
PACKAGE_TARNAME='elektrosim'
PACKAGE_URL=''
PACKAGE_VERSION='0.1'
PATH_SEPARATOR=':'
PKG_CONFIG='/usr/bin/pkg-config'
PKG_CONFIG_LIBDIR=''
PKG_CONFIG_PATH=''
SET_MAKE=''
SHELL='/bin/sh'
STRIP=''
VALAC='/usr/bin/valac'
VERSION='0.1'
ac_ct_CC='gcc'
am__EXEEXT_FALSE=''
am__EXEEXT_TRUE='#'
am__fastdepCC_FALSE='#'
am__fastdepCC_TRUE=''
am__include='include'
am__isrc=' -I$(srcdir)'
am__leading_dot='.'
am__nodep='_no'
am__quote=''
am__tar='$${TAR-tar} chof - "$$tardir"'
am__untar='$${TAR-tar} xf -'
bindir='${exec_prefix}/bin'
build_alias=''
datadir='${datarootdir}'
datarootdir='${prefix}/share'
docdir='${datarootdir}/doc/${PACKAGE_TARNAME}'
dvidir='${docdir}'
exec_prefix='${prefix}'
host_alias=''
htmldir='${docdir}'
includedir='${prefix}/include'
infodir='${datarootdir}/info'
install_sh='${SHELL} /home/steven/projecten/ElektroSim/install-sh'
libdir='${exec_prefix}/lib'
libexecdir='${exec_prefix}/libexec'
localedir='${datarootdir}/locale'
localstatedir='${prefix}/var'
mandir='${datarootdir}/man'
mkdir_p='$(MKDIR_P)'
oldincludedir='/usr/include'
pdfdir='${docdir}'
prefix='/usr/local'
program_transform_name='s,x,x,'
psdir='${docdir}'
sbindir='${exec_prefix}/sbin'
sharedstatedir='${prefix}/com'
sysconfdir='${prefix}/etc'
target_alias=''

## ----------- ##
## confdefs.h. ##
## ----------- ##

/* confdefs.h */
#define PACKAGE_NAME "elektrosim"
#define PACKAGE_TARNAME "elektrosim"
#define PACKAGE_VERSION "0.1"
#define PACKAGE_STRING "elektrosim 0.1"
#define PACKAGE_BUGREPORT ""
#define PACKAGE_URL ""
#define PACKAGE "elektrosim"
#define VERSION "0.1"

configure: exit 0

## ---------------------- ##
## Running config.status. ##
## ---------------------- ##

This file was extended by elektrosim config.status 0.1, which was
generated by GNU Autoconf 2.69.  Invocation command line was

  CONFIG_FILES    = 
  CONFIG_HEADERS  = 
  CONFIG_LINKS    = 
  CONFIG_COMMANDS = 
  $ ./config.status 

on Frozen

config.status:851: creating Makefile
config.status:851: creating src/Makefile
config.status:851: creating config.h
config.status:1017: config.h is unchanged
config.status:1065: executing depfiles commands

## ---------------------- ##
## Running config.status. ##
## ---------------------- ##

This file was extended by elektrosim config.status 0.1, which was
generated by GNU Autoconf 2.69.  Invocation command line was

  CONFIG_FILES    = 
  CONFIG_HEADERS  = 
  CONFIG_LINKS    = 
  CONFIG_COMMANDS = 
  $ ./config.status config.h

on Frozen

config.status:851: creating config.h
config.status:1017: config.h is unchanged

## ---------------------- ##
## Running config.status. ##
## ---------------------- ##

This file was extended by elektrosim config.status 0.1, which was
generated by GNU Autoconf 2.69.  Invocation command line was

  CONFIG_FILES    = 
  CONFIG_HEADERS  = 
  CONFIG_LINKS    = 
  CONFIG_COMMANDS = 
  $ ./config.status src/Makefile depfiles

on Frozen

config.status:851: creating src/Makefile
config.status:1065: executing depfiles commands

## ---------------------- ##
## Running config.status. ##
## ---------------------- ##

This file was extended by elektrosim config.status 0.1, which was
generated by GNU Autoconf 2.69.  Invocation command line was

  CONFIG_FILES    = 
  CONFIG_HEADERS  = 
  CONFIG_LINKS    = 
  CONFIG_COMMANDS = 
  $ ./config.status src/Makefile depfiles

on Frozen

config.status:851: creating src/Makefile
config.status:1065: executing depfiles commands

## ---------------------- ##
## Running config.status. ##
## ---------------------- ##

This file was extended by elektrosim config.status 0.1, which was
generated by GNU Autoconf 2.69.  Invocation command line was

  CONFIG_FILES    = 
  CONFIG_HEADERS  = 
  CONFIG_LINKS    = 
  CONFIG_COMMANDS = 
  $ ./config.status src/Makefile depfiles

on Frozen

config.status:851: creating src/Makefile
config.status:1065: executing depfiles commands

## ---------------------- ##
## Running config.status. ##
## ---------------------- ##

This file was extended by elektrosim config.status 0.1, which was
generated by GNU Autoconf 2.69.  Invocation command line was

  CONFIG_FILES    = 
  CONFIG_HEADERS  = 
  CONFIG_LINKS    = 
  CONFIG_COMMANDS = 
  $ ./config.status src/Makefile depfiles

on Frozen

config.status:851: creating src/Makefile
config.status:1065: executing depfiles commands

## ---------------------- ##
## Running config.status. ##
## ---------------------- ##

This file was extended by elektrosim config.status 0.1, which was
generated by GNU Autoconf 2.69.  Invocation command line was

  CONFIG_FILES    = 
  CONFIG_HEADERS  = 
  CONFIG_LINKS    = 
  CONFIG_COMMANDS = 
  $ ./config.status src/Makefile depfiles

on Frozen

config.status:851: creating src/Makefile
config.status:1065: executing depfiles commands
