This file contains any messages produced by compilers while
running configure, to aid debugging if configure makes a mistake.

It was created by elektronsim configure 0.1, which was
generated by GNU Autoconf 2.69.  Invocation command line was

  $ /home/steven/projecten/ElektroSim/configure --enable-maintainer-mode --no-create --no-recursion

## --------- ##
## Platform. ##
## --------- ##

hostname = Frozen
uname -m = x86_64
uname -r = 3.12.9-1-ARCH
uname -s = Linux
uname -v = #1 SMP PREEMPT Sun Jan 26 09:01:37 CET 2014

/usr/bin/uname -p = unknown
/bin/uname -X     = unknown

/bin/arch              = unknown
/usr/bin/arch -k       = unknown
/usr/convex/getsysinfo = unknown
/usr/bin/hostinfo      = unknown
/bin/machine           = unknown
/usr/bin/oslevel       = unknown
/bin/universe          = unknown

PATH: /usr/local/sbin
PATH: /usr/local/bin
PATH: /usr/bin
PATH: /usr/bin/vendor_perl
PATH: /usr/bin/core_perl


## ----------- ##
## Core tests. ##
## ----------- ##

configure:2244: checking for a BSD-compatible install
configure:2312: result: /usr/bin/install -c
configure:2323: checking whether build environment is sane
configure:2378: result: yes
configure:2529: checking for a thread-safe mkdir -p
configure:2568: result: /usr/bin/mkdir -p
configure:2575: checking for gawk
configure:2591: found /usr/bin/gawk
configure:2602: result: gawk
configure:2613: checking whether make sets $(MAKE)
configure:2635: result: yes
configure:2664: checking whether make supports nested variables
configure:2681: result: yes
configure:2818: checking whether make supports nested variables
configure:2835: result: yes
configure:2895: checking for gcc
configure:2911: found /usr/bin/gcc
configure:2922: result: gcc
configure:3151: checking for C compiler version
configure:3160: gcc --version >&5
gcc (GCC) 4.8.2 20131219 (prerelease)
Copyright (C) 2013 Free Software Foundation, Inc.
This is free software; see the source for copying conditions.  There is NO
warranty; not even for MERCHANTABILITY or FITNESS FOR A PARTICULAR PURPOSE.

configure:3171: $? = 0
configure:3160: gcc -v >&5
Using built-in specs.
COLLECT_GCC=gcc
COLLECT_LTO_WRAPPER=/usr/lib/gcc/x86_64-unknown-linux-gnu/4.8.2/lto-wrapper
Target: x86_64-unknown-linux-gnu
Configured with: /build/gcc/src/gcc-4.8-20131219/configure --prefix=/usr --libdir=/usr/lib --libexecdir=/usr/lib --mandir=/usr/share/man --infodir=/usr/share/info --with-bugurl=https://bugs.archlinux.org/ --enable-languages=c,c++,ada,fortran,go,lto,objc,obj-c++ --enable-shared --enable-threads=posix --with-system-zlib --enable-__cxa_atexit --disable-libunwind-exceptions --enable-clocale=gnu --disable-libstdcxx-pch --disable-libssp --enable-gnu-unique-object --enable-linker-build-id --enable-cloog-backend=isl --disable-cloog-version-check --enable-lto --enable-plugin --enable-install-libiberty --with-linker-hash-style=gnu --disable-multilib --disable-werror --enable-checking=release
Thread model: posix
gcc version 4.8.2 20131219 (prerelease) (GCC) 
configure:3171: $? = 0
configure:3160: gcc -V >&5
gcc: error: unrecognized command line option '-V'
gcc: fatal error: no input files
compilation terminated.
configure:3171: $? = 1
configure:3160: gcc -qversion >&5
gcc: error: unrecognized command line option '-qversion'
gcc: fatal error: no input files
compilation terminated.
configure:3171: $? = 1
configure:3191: checking whether the C compiler works
configure:3213: gcc    conftest.c  >&5
configure:3217: $? = 0
configure:3265: result: yes
configure:3268: checking for C compiler default output file name
configure:3270: result: a.out
configure:3276: checking for suffix of executables
configure:3283: gcc -o conftest    conftest.c  >&5
configure:3287: $? = 0
configure:3309: result: 
configure:3331: checking whether we are cross compiling
configure:3339: gcc -o conftest    conftest.c  >&5
configure:3343: $? = 0
configure:3350: ./conftest
configure:3354: $? = 0
configure:3369: result: no
configure:3374: checking for suffix of object files
configure:3396: gcc -c   conftest.c >&5
configure:3400: $? = 0
configure:3421: result: o
configure:3425: checking whether we are using the GNU C compiler
configure:3444: gcc -c   conftest.c >&5
configure:3444: $? = 0
configure:3453: result: yes
configure:3462: checking whether gcc accepts -g
configure:3482: gcc -c -g  conftest.c >&5
configure:3482: $? = 0
configure:3523: result: yes
configure:3540: checking for gcc option to accept ISO C89
configure:3603: gcc  -c -g -O2  conftest.c >&5
configure:3603: $? = 0
configure:3616: result: none needed
configure:3641: checking whether gcc understands -c and -o together
configure:3663: gcc -c conftest.c -o conftest2.o
configure:3666: $? = 0
configure:3663: gcc -c conftest.c -o conftest2.o
configure:3666: $? = 0
configure:3678: result: yes
configure:3706: checking for style of include used by make
configure:3734: result: GNU
configure:3760: checking dependency style of gcc
configure:3871: result: gcc3
configure:3892: checking build system type
configure:3906: result: x86_64-unknown-linux-gnu
configure:3926: checking host system type
configure:3939: result: x86_64-unknown-linux-gnu
configure:4038: checking how to print strings
configure:4065: result: printf
configure:4086: checking for a sed that does not truncate output
configure:4150: result: /usr/bin/sed
configure:4168: checking for grep that handles long lines and -e
configure:4226: result: /usr/bin/grep
configure:4231: checking for egrep
configure:4293: result: /usr/bin/grep -E
configure:4298: checking for fgrep
configure:4360: result: /usr/bin/grep -F
configure:4395: checking for ld used by gcc
configure:4462: result: /usr/bin/ld
configure:4469: checking if the linker (/usr/bin/ld) is GNU ld
configure:4484: result: yes
configure:4496: checking for BSD- or MS-compatible name lister (nm)
configure:4545: result: /usr/bin/nm -B
configure:4675: checking the name lister (/usr/bin/nm -B) interface
configure:4682: gcc -c -g -O2  conftest.c >&5
configure:4685: /usr/bin/nm -B "conftest.o"
configure:4688: output
0000000000000000 B some_variable
configure:4695: result: BSD nm
configure:4698: checking whether ln -s works
configure:4702: result: yes
configure:4710: checking the maximum length of command line arguments
configure:4840: result: 1572864
configure:4857: checking whether the shell understands some XSI constructs
configure:4867: result: yes
configure:4871: checking whether the shell understands "+="
configure:4877: result: yes
configure:4912: checking how to convert x86_64-unknown-linux-gnu file names to x86_64-unknown-linux-gnu format
configure:4952: result: func_convert_file_noop
configure:4959: checking how to convert x86_64-unknown-linux-gnu file names to toolchain format
configure:4979: result: func_convert_file_noop
configure:4986: checking for /usr/bin/ld option to reload object files
configure:4993: result: -r
configure:5067: checking for objdump
configure:5083: found /usr/bin/objdump
configure:5094: result: objdump
configure:5123: checking how to recognize dependent libraries
configure:5325: result: pass_all
configure:5410: checking for dlltool
configure:5440: result: no
configure:5467: checking how to associate runtime and link libraries
configure:5494: result: printf %s\n
configure:5555: checking for ar
configure:5571: found /usr/bin/ar
configure:5582: result: ar
configure:5619: checking for archiver @FILE support
configure:5636: gcc -c -g -O2  conftest.c >&5
configure:5636: $? = 0
configure:5639: ar cru libconftest.a @conftest.lst >&5
configure:5642: $? = 0
configure:5647: ar cru libconftest.a @conftest.lst >&5
ar: conftest.o: No such file or directory
configure:5650: $? = 1
configure:5662: result: @
configure:5720: checking for strip
configure:5736: found /usr/bin/strip
configure:5747: result: strip
configure:5819: checking for ranlib
configure:5835: found /usr/bin/ranlib
configure:5846: result: ranlib
configure:5948: checking command to parse /usr/bin/nm -B output from gcc object
configure:6068: gcc -c -g -O2  conftest.c >&5
configure:6071: $? = 0
configure:6075: /usr/bin/nm -B conftest.o \| sed -n -e 's/^.*[ ]\([ABCDGIRSTW][ABCDGIRSTW]*\)[ ][ ]*\([_A-Za-z][_A-Za-z0-9]*\)$/\1 \2 \2/p' | sed '/ __gnu_lto/d' \> conftest.nm
configure:6078: $? = 0
configure:6144: gcc -o conftest -g -O2   conftest.c conftstm.o >&5
configure:6147: $? = 0
configure:6185: result: ok
configure:6222: checking for sysroot
configure:6252: result: no
configure:6329: gcc -c -g -O2  conftest.c >&5
configure:6332: $? = 0
configure:6508: checking for mt
configure:6538: result: no
configure:6558: checking if : is a manifest tool
configure:6564: : '-?'
configure:6572: result: no
configure:7214: checking how to run the C preprocessor
configure:7245: gcc -E  conftest.c
configure:7245: $? = 0
configure:7259: gcc -E  conftest.c
conftest.c:11:28: fatal error: ac_nonexistent.h: No such file or directory
 #include <ac_nonexistent.h>
                            ^
compilation terminated.
configure:7259: $? = 1
configure: failed program was:
| /* confdefs.h */
| #define PACKAGE_NAME "elektronsim"
| #define PACKAGE_TARNAME "elektronsim"
| #define PACKAGE_VERSION "0.1"
| #define PACKAGE_STRING "elektronsim 0.1"
| #define PACKAGE_BUGREPORT ""
| #define PACKAGE_URL ""
| #define PACKAGE "elektronsim"
| #define VERSION "0.1"
| /* end confdefs.h.  */
| #include <ac_nonexistent.h>
configure:7284: result: gcc -E
configure:7304: gcc -E  conftest.c
configure:7304: $? = 0
configure:7318: gcc -E  conftest.c
conftest.c:11:28: fatal error: ac_nonexistent.h: No such file or directory
 #include <ac_nonexistent.h>
                            ^
compilation terminated.
configure:7318: $? = 1
configure: failed program was:
| /* confdefs.h */
| #define PACKAGE_NAME "elektronsim"
| #define PACKAGE_TARNAME "elektronsim"
| #define PACKAGE_VERSION "0.1"
| #define PACKAGE_STRING "elektronsim 0.1"
| #define PACKAGE_BUGREPORT ""
| #define PACKAGE_URL ""
| #define PACKAGE "elektronsim"
| #define VERSION "0.1"
| /* end confdefs.h.  */
| #include <ac_nonexistent.h>
configure:7347: checking for ANSI C header files
configure:7367: gcc -c -g -O2  conftest.c >&5
configure:7367: $? = 0
configure:7440: gcc -o conftest -g -O2   conftest.c  >&5
configure:7440: $? = 0
configure:7440: ./conftest
configure:7440: $? = 0
configure:7451: result: yes
configure:7464: checking for sys/types.h
configure:7464: gcc -c -g -O2  conftest.c >&5
configure:7464: $? = 0
configure:7464: result: yes
configure:7464: checking for sys/stat.h
configure:7464: gcc -c -g -O2  conftest.c >&5
configure:7464: $? = 0
configure:7464: result: yes
configure:7464: checking for stdlib.h
configure:7464: gcc -c -g -O2  conftest.c >&5
configure:7464: $? = 0
configure:7464: result: yes
configure:7464: checking for string.h
configure:7464: gcc -c -g -O2  conftest.c >&5
configure:7464: $? = 0
configure:7464: result: yes
configure:7464: checking for memory.h
configure:7464: gcc -c -g -O2  conftest.c >&5
configure:7464: $? = 0
configure:7464: result: yes
configure:7464: checking for strings.h
configure:7464: gcc -c -g -O2  conftest.c >&5
configure:7464: $? = 0
configure:7464: result: yes
configure:7464: checking for inttypes.h
configure:7464: gcc -c -g -O2  conftest.c >&5
configure:7464: $? = 0
configure:7464: result: yes
configure:7464: checking for stdint.h
configure:7464: gcc -c -g -O2  conftest.c >&5
configure:7464: $? = 0
configure:7464: result: yes
configure:7464: checking for unistd.h
configure:7464: gcc -c -g -O2  conftest.c >&5
configure:7464: $? = 0
configure:7464: result: yes
configure:7478: checking for dlfcn.h
configure:7478: gcc -c -g -O2  conftest.c >&5
configure:7478: $? = 0
configure:7478: result: yes
configure:7982: checking for objdir
configure:7997: result: .libs
configure:8264: checking if gcc supports -fno-rtti -fno-exceptions
configure:8282: gcc -c -g -O2  -fno-rtti -fno-exceptions conftest.c >&5
cc1: warning: command line option '-fno-rtti' is valid for C++/ObjC++ but not for C [enabled by default]
configure:8286: $? = 0
configure:8299: result: no
configure:8626: checking for gcc option to produce PIC
configure:8633: result: -fPIC -DPIC
configure:8641: checking if gcc PIC flag -fPIC -DPIC works
configure:8659: gcc -c -g -O2  -fPIC -DPIC -DPIC conftest.c >&5
configure:8663: $? = 0
configure:8676: result: yes
configure:8705: checking if gcc static flag -static works
configure:8733: result: yes
configure:8748: checking if gcc supports -c -o file.o
configure:8769: gcc -c -g -O2  -o out/conftest2.o conftest.c >&5
configure:8773: $? = 0
configure:8795: result: yes
configure:8803: checking if gcc supports -c -o file.o
configure:8850: result: yes
configure:8883: checking whether the gcc linker (/usr/bin/ld -m elf_x86_64) supports shared libraries
configure:10036: result: yes
configure:10073: checking whether -lc should be explicitly linked in
configure:10081: gcc -c -g -O2  conftest.c >&5
configure:10084: $? = 0
configure:10099: gcc -shared  -fPIC -DPIC conftest.o  -v -Wl,-soname -Wl,conftest -o conftest 2\>\&1 \| /usr/bin/grep  -lc  \>/dev/null 2\>\&1
configure:10102: $? = 0
configure:10116: result: no
configure:10276: checking dynamic linker characteristics
configure:10787: gcc -o conftest -g -O2   -Wl,-rpath -Wl,/foo conftest.c  >&5
configure:10787: $? = 0
configure:11009: result: GNU/Linux ld.so
configure:11116: checking how to hardcode library paths into programs
configure:11141: result: immediate
configure:11681: checking whether stripping libraries is possible
configure:11686: result: yes
configure:11721: checking if libtool supports shared libraries
configure:11723: result: yes
configure:11726: checking whether to build shared libraries
configure:11747: result: yes
configure:11750: checking whether to build static libraries
configure:11754: result: yes
configure:11794: checking for valac
configure:11812: found /usr/bin/valac
configure:11825: result: /usr/bin/valac
configure:11834: checking whether /usr/bin/valac is at least version 0.10.0
configure:11842: result: yes
configure:11919: checking for pkg-config
configure:11937: found /usr/bin/pkg-config
configure:11949: result: /usr/bin/pkg-config
configure:11974: checking pkg-config is at least version 0.9.0
configure:11977: result: yes
configure:11987: checking for ELEKTRONSIM
configure:11994: $PKG_CONFIG --exists --print-errors "gtk+-3.0 gtk+-3.0"
configure:11997: $? = 0
configure:12011: $PKG_CONFIG --exists --print-errors "gtk+-3.0 gtk+-3.0"
configure:12014: $? = 0
configure:12072: result: yes
configure:12189: checking that generated files are newer than configure
configure:12195: result: done
configure:12226: creating ./config.status
configure:14452: WARNING: unrecognized options: --enable-maintainer-mode

## ---------------- ##
## Cache variables. ##
## ---------------- ##

ac_cv_build=x86_64-unknown-linux-gnu
ac_cv_c_compiler_gnu=yes
ac_cv_env_CC_set=
ac_cv_env_CC_value=
ac_cv_env_CFLAGS_set=
ac_cv_env_CFLAGS_value=
ac_cv_env_CPPFLAGS_set=
ac_cv_env_CPPFLAGS_value=
ac_cv_env_CPP_set=
ac_cv_env_CPP_value=
ac_cv_env_ELEKTRONSIM_CFLAGS_set=
ac_cv_env_ELEKTRONSIM_CFLAGS_value=
ac_cv_env_ELEKTRONSIM_LIBS_set=
ac_cv_env_ELEKTRONSIM_LIBS_value=
ac_cv_env_LDFLAGS_set=
ac_cv_env_LDFLAGS_value=
ac_cv_env_LIBS_set=
ac_cv_env_LIBS_value=
ac_cv_env_PKG_CONFIG_LIBDIR_set=
ac_cv_env_PKG_CONFIG_LIBDIR_value=
ac_cv_env_PKG_CONFIG_PATH_set=
ac_cv_env_PKG_CONFIG_PATH_value=
ac_cv_env_PKG_CONFIG_set=
ac_cv_env_PKG_CONFIG_value=
ac_cv_env_build_alias_set=
ac_cv_env_build_alias_value=
ac_cv_env_host_alias_set=
ac_cv_env_host_alias_value=
ac_cv_env_target_alias_set=
ac_cv_env_target_alias_value=
ac_cv_header_dlfcn_h=yes
ac_cv_header_inttypes_h=yes
ac_cv_header_memory_h=yes
ac_cv_header_stdc=yes
ac_cv_header_stdint_h=yes
ac_cv_header_stdlib_h=yes
ac_cv_header_string_h=yes
ac_cv_header_strings_h=yes
ac_cv_header_sys_stat_h=yes
ac_cv_header_sys_types_h=yes
ac_cv_header_unistd_h=yes
ac_cv_host=x86_64-unknown-linux-gnu
ac_cv_objext=o
ac_cv_path_EGREP='/usr/bin/grep -E'
ac_cv_path_FGREP='/usr/bin/grep -F'
ac_cv_path_GREP=/usr/bin/grep
ac_cv_path_SED=/usr/bin/sed
ac_cv_path_VALAC=/usr/bin/valac
ac_cv_path_ac_pt_PKG_CONFIG=/usr/bin/pkg-config
ac_cv_path_install='/usr/bin/install -c'
ac_cv_path_mkdir=/usr/bin/mkdir
ac_cv_prog_AWK=gawk
ac_cv_prog_CPP='gcc -E'
ac_cv_prog_ac_ct_AR=ar
ac_cv_prog_ac_ct_CC=gcc
ac_cv_prog_ac_ct_OBJDUMP=objdump
ac_cv_prog_ac_ct_RANLIB=ranlib
ac_cv_prog_ac_ct_STRIP=strip
ac_cv_prog_cc_c89=
ac_cv_prog_cc_g=yes
ac_cv_prog_make_make_set=yes
am_cv_CC_dependencies_compiler_type=gcc3
am_cv_make_support_nested_variables=yes
am_cv_prog_cc_c_o=yes
lt_cv_ar_at_file=@
lt_cv_archive_cmds_need_lc=no
lt_cv_deplibs_check_method=pass_all
lt_cv_file_magic_cmd='$MAGIC_CMD'
lt_cv_file_magic_test_file=
lt_cv_ld_reload_flag=-r
lt_cv_nm_interface='BSD nm'
lt_cv_objdir=.libs
lt_cv_path_LD=/usr/bin/ld
lt_cv_path_NM='/usr/bin/nm -B'
lt_cv_path_mainfest_tool=no
lt_cv_prog_compiler_c_o=yes
lt_cv_prog_compiler_pic='-fPIC -DPIC'
lt_cv_prog_compiler_pic_works=yes
lt_cv_prog_compiler_rtti_exceptions=no
lt_cv_prog_compiler_static_works=yes
lt_cv_prog_gnu_ld=yes
lt_cv_sharedlib_from_linklib_cmd='printf %s\n'
lt_cv_shlibpath_overrides_runpath=no
lt_cv_sys_global_symbol_pipe='sed -n -e '\''s/^.*[	 ]\([ABCDGIRSTW][ABCDGIRSTW]*\)[	 ][	 ]*\([_A-Za-z][_A-Za-z0-9]*\)$/\1 \2 \2/p'\'' | sed '\''/ __gnu_lto/d'\'''
lt_cv_sys_global_symbol_to_c_name_address='sed -n -e '\''s/^: \([^ ]*\)[ ]*$/  {\"\1\", (void *) 0},/p'\'' -e '\''s/^[ABCDGIRSTW]* \([^ ]*\) \([^ ]*\)$/  {"\2", (void *) \&\2},/p'\'''
lt_cv_sys_global_symbol_to_c_name_address_lib_prefix='sed -n -e '\''s/^: \([^ ]*\)[ ]*$/  {\"\1\", (void *) 0},/p'\'' -e '\''s/^[ABCDGIRSTW]* \([^ ]*\) \(lib[^ ]*\)$/  {"\2", (void *) \&\2},/p'\'' -e '\''s/^[ABCDGIRSTW]* \([^ ]*\) \([^ ]*\)$/  {"lib\2", (void *) \&\2},/p'\'''
lt_cv_sys_global_symbol_to_cdecl='sed -n -e '\''s/^T .* \(.*\)$/extern int \1();/p'\'' -e '\''s/^[ABCDGIRSTW]* .* \(.*\)$/extern char \1;/p'\'''
lt_cv_sys_max_cmd_len=1572864
lt_cv_to_host_file_cmd=func_convert_file_noop
lt_cv_to_tool_file_cmd=func_convert_file_noop
pkg_cv_ELEKTRONSIM_CFLAGS='-pthread -I/usr/include/gtk-3.0 -I/usr/include/at-spi2-atk/2.0 -I/usr/include/gtk-3.0 -I/usr/include/gio-unix-2.0/ -I/usr/include/cairo -I/usr/include/pango-1.0 -I/usr/include/harfbuzz -I/usr/include/pango-1.0 -I/usr/include/atk-1.0 -I/usr/include/cairo -I/usr/include/pixman-1 -I/usr/include/freetype2 -I/usr/include/libdrm -I/usr/include/libpng16 -I/usr/include/gdk-pixbuf-2.0 -I/usr/include/libpng16 -I/usr/include/glib-2.0 -I/usr/lib/glib-2.0/include '
pkg_cv_ELEKTRONSIM_LIBS='-lgtk-3 -lgdk-3 -lpangocairo-1.0 -lpango-1.0 -latk-1.0 -lcairo-gobject -lcairo -lgdk_pixbuf-2.0 -lgio-2.0 -lgobject-2.0 -lglib-2.0 '

## ----------------- ##
## Output variables. ##
## ----------------- ##

ACLOCAL='${SHELL} /home/steven/projecten/ElektroSim/missing aclocal-1.14'
AMDEPBACKSLASH='\'
AMDEP_FALSE='#'
AMDEP_TRUE=''
AMTAR='$${TAR-tar}'
AM_BACKSLASH='\'
AM_DEFAULT_V='$(AM_DEFAULT_VERBOSITY)'
AM_DEFAULT_VERBOSITY='0'
AM_V='$(V)'
AR='ar'
AS='as'
AUTOCONF='${SHELL} /home/steven/projecten/ElektroSim/missing autoconf'
AUTOHEADER='${SHELL} /home/steven/projecten/ElektroSim/missing autoheader'
AUTOMAKE='${SHELL} /home/steven/projecten/ElektroSim/missing automake-1.14'
AWK='gawk'
CC='gcc'
CCDEPMODE='depmode=gcc3'
CFLAGS='-g -O2'
CPP='gcc -E'
CPPFLAGS=''
CYGPATH_W='echo'
DEFS='-DHAVE_CONFIG_H'
DEPDIR='.deps'
DLLTOOL='false'
DSYMUTIL=''
DUMPBIN=''
ECHO_C=''
ECHO_N='-n'
ECHO_T=''
EGREP='/usr/bin/grep -E'
ELEKTRONSIM_CFLAGS='-pthread -I/usr/include/gtk-3.0 -I/usr/include/at-spi2-atk/2.0 -I/usr/include/gtk-3.0 -I/usr/include/gio-unix-2.0/ -I/usr/include/cairo -I/usr/include/pango-1.0 -I/usr/include/harfbuzz -I/usr/include/pango-1.0 -I/usr/include/atk-1.0 -I/usr/include/cairo -I/usr/include/pixman-1 -I/usr/include/freetype2 -I/usr/include/libdrm -I/usr/include/libpng16 -I/usr/include/gdk-pixbuf-2.0 -I/usr/include/libpng16 -I/usr/include/glib-2.0 -I/usr/lib/glib-2.0/include '
ELEKTRONSIM_LIBS='-lgtk-3 -lgdk-3 -lpangocairo-1.0 -lpango-1.0 -latk-1.0 -lcairo-gobject -lcairo -lgdk_pixbuf-2.0 -lgio-2.0 -lgobject-2.0 -lglib-2.0 '
EXEEXT=''
FGREP='/usr/bin/grep -F'
GREP='/usr/bin/grep'
INSTALL_DATA='${INSTALL} -m 644'
INSTALL_PROGRAM='${INSTALL}'
INSTALL_SCRIPT='${INSTALL}'
INSTALL_STRIP_PROGRAM='$(install_sh) -c -s'
LD='/usr/bin/ld -m elf_x86_64'
LDFLAGS=''
LIBOBJS=''
LIBS=''
LIBTOOL='$(SHELL) $(top_builddir)/libtool'
LIPO=''
LN_S='ln -s'
LTLIBOBJS=''
MAKEINFO='${SHELL} /home/steven/projecten/ElektroSim/missing makeinfo'
MANIFEST_TOOL=':'
MKDIR_P='/usr/bin/mkdir -p'
NATIVE_WIN32_FALSE=''
NATIVE_WIN32_TRUE='#'
NM='/usr/bin/nm -B'
NMEDIT=''
OBJDUMP='objdump'
OBJEXT='o'
OTOOL64=''
OTOOL=''
PACKAGE='elektronsim'
PACKAGE_BUGREPORT=''
PACKAGE_NAME='elektronsim'
PACKAGE_STRING='elektronsim 0.1'
PACKAGE_TARNAME='elektronsim'
PACKAGE_URL=''
PACKAGE_VERSION='0.1'
PATH_SEPARATOR=':'
PKG_CONFIG='/usr/bin/pkg-config'
PKG_CONFIG_LIBDIR=''
PKG_CONFIG_PATH=''
PLATFORM_WIN32_FALSE=''
PLATFORM_WIN32_TRUE='#'
RANLIB='ranlib'
SED='/usr/bin/sed'
SET_MAKE=''
SHELL='/bin/sh'
STRIP='strip'
VALAC='/usr/bin/valac'
VERSION='0.1'
ac_ct_AR='ar'
ac_ct_CC='gcc'
ac_ct_DUMPBIN=''
am__EXEEXT_FALSE=''
am__EXEEXT_TRUE='#'
am__fastdepCC_FALSE='#'
am__fastdepCC_TRUE=''
am__include='include'
am__isrc=''
am__leading_dot='.'
am__nodep='_no'
am__quote=''
am__tar='$${TAR-tar} chof - "$$tardir"'
am__untar='$${TAR-tar} xf -'
bindir='${exec_prefix}/bin'
build='x86_64-unknown-linux-gnu'
build_alias=''
build_cpu='x86_64'
build_os='linux-gnu'
build_vendor='unknown'
datadir='${datarootdir}'
datarootdir='${prefix}/share'
docdir='${datarootdir}/doc/${PACKAGE_TARNAME}'
dvidir='${docdir}'
exec_prefix='${prefix}'
host='x86_64-unknown-linux-gnu'
host_alias=''
host_cpu='x86_64'
host_os='linux-gnu'
host_vendor='unknown'
htmldir='${docdir}'
includedir='${prefix}/include'
infodir='${datarootdir}/info'
install_sh='${SHELL} /home/steven/projecten/ElektroSim/install-sh'
libdir='${exec_prefix}/lib'
libexecdir='${exec_prefix}/libexec'
localedir='${datarootdir}/locale'
localstatedir='${prefix}/var'
mandir='${datarootdir}/man'
mkdir_p='$(MKDIR_P)'
oldincludedir='/usr/include'
pdfdir='${docdir}'
prefix='/usr/local'
program_transform_name='s,x,x,'
psdir='${docdir}'
sbindir='${exec_prefix}/sbin'
sharedstatedir='${prefix}/com'
sysconfdir='${prefix}/etc'
target_alias=''

## ----------- ##
## confdefs.h. ##
## ----------- ##

/* confdefs.h */
#define PACKAGE_NAME "elektronsim"
#define PACKAGE_TARNAME "elektronsim"
#define PACKAGE_VERSION "0.1"
#define PACKAGE_STRING "elektronsim 0.1"
#define PACKAGE_BUGREPORT ""
#define PACKAGE_URL ""
#define PACKAGE "elektronsim"
#define VERSION "0.1"
#define STDC_HEADERS 1
#define HAVE_SYS_TYPES_H 1
#define HAVE_SYS_STAT_H 1
#define HAVE_STDLIB_H 1
#define HAVE_STRING_H 1
#define HAVE_MEMORY_H 1
#define HAVE_STRINGS_H 1
#define HAVE_INTTYPES_H 1
#define HAVE_STDINT_H 1
#define HAVE_UNISTD_H 1
#define HAVE_DLFCN_H 1
#define LT_OBJDIR ".libs/"

configure: exit 0

## ---------------------- ##
## Running config.status. ##
## ---------------------- ##

This file was extended by elektronsim config.status 0.1, which was
generated by GNU Autoconf 2.69.  Invocation command line was

  CONFIG_FILES    = 
  CONFIG_HEADERS  = 
  CONFIG_LINKS    = 
  CONFIG_COMMANDS = 
  $ ./config.status 

on Frozen

config.status:1096: creating Makefile
config.status:1096: creating src/Makefile
config.status:1096: creating config.h
config.status:1277: config.h is unchanged
config.status:1325: executing depfiles commands
config.status:1325: executing libtool commands

## ---------------------- ##
## Running config.status. ##
## ---------------------- ##

This file was extended by elektronsim config.status 0.1, which was
generated by GNU Autoconf 2.69.  Invocation command line was

  CONFIG_FILES    = 
  CONFIG_HEADERS  = 
  CONFIG_LINKS    = 
  CONFIG_COMMANDS = 
  $ ./config.status config.h

on Frozen

config.status:1096: creating config.h
config.status:1277: config.h is unchanged
